<?xml version="1.0" encoding="UTF-8"?>
<coverage generated="1475462030">
  <project timestamp="1475462030">
    <package name="Jmondi\Restforce\RestClient">
      <file name="/Users/jraimondi/Code/restforcephp/src/RestClient/GuzzleRestClient.php">
        <class name="GuzzleRestClient" namespace="Jmondi\Restforce\RestClient">
          <metrics complexity="2" methods="2" coveredmethods="2" conditionals="0" coveredconditionals="0" statements="3" coveredstatements="3" elements="5" coveredelements="5"/>
        </class>
        <line num="16" type="method" name="__construct" visibility="public" complexity="1" crap="1" count="1"/>
        <line num="19" type="stmt" count="1"/>
        <line num="20" type="stmt" count="1"/>
        <line num="22" type="method" name="request" visibility="public" complexity="1" crap="1" count="1"/>
        <line num="24" type="stmt" count="1"/>
        <metrics loc="26" ncloc="23" classes="1" methods="2" coveredmethods="2" conditionals="0" coveredconditionals="0" statements="3" coveredstatements="3" elements="5" coveredelements="5"/>
      </file>
    </package>
    <file name="/Users/jraimondi/Code/restforcephp/src/RestClient/RestClientInterface.php">
      <metrics loc="9" ncloc="9" classes="0" methods="0" coveredmethods="0" conditionals="0" coveredconditionals="0" statements="0" coveredstatements="0" elements="0" coveredelements="0"/>
    </file>
    <package name="Jmondi\Restforce">
      <file name="/Users/jraimondi/Code/restforcephp/src/RestforceClient.php">
        <class name="RestforceClient" namespace="Jmondi\Restforce">
          <metrics complexity="17" methods="15" coveredmethods="14" conditionals="0" coveredconditionals="0" statements="54" coveredstatements="51" elements="69" coveredelements="65"/>
        </class>
        <line num="36" type="method" name="__construct" visibility="public" complexity="1" crap="1" count="11"/>
        <line num="44" type="stmt" count="11"/>
        <line num="45" type="stmt" count="11"/>
        <line num="46" type="stmt" count="11"/>
        <line num="47" type="stmt" count="11"/>
        <line num="48" type="stmt" count="11"/>
        <line num="49" type="stmt" count="11"/>
        <line num="50" type="stmt" count="11"/>
        <line num="52" type="method" name="userInfo" visibility="public" complexity="1" crap="1" count="1"/>
        <line num="54" type="stmt" count="1"/>
        <line num="55" type="stmt" count="1"/>
        <line num="58" type="method" name="query" visibility="public" complexity="1" crap="1" count="1"/>
        <line num="60" type="stmt" count="1"/>
        <line num="61" type="stmt" count="1"/>
        <line num="62" type="stmt" count="1"/>
        <line num="65" type="method" name="queryAll" visibility="public" complexity="1" crap="1" count="1"/>
        <line num="67" type="stmt" count="1"/>
        <line num="68" type="stmt" count="1"/>
        <line num="69" type="stmt" count="1"/>
        <line num="72" type="method" name="explain" visibility="public" complexity="1" crap="1" count="1"/>
        <line num="74" type="stmt" count="1"/>
        <line num="75" type="stmt" count="1"/>
        <line num="76" type="stmt" count="1"/>
        <line num="79" type="method" name="basic" visibility="public" complexity="1" crap="2" count="0"/>
        <line num="81" type="stmt" count="0"/>
        <line num="82" type="stmt" count="0"/>
        <line num="83" type="stmt" count="0"/>
        <line num="86" type="method" name="find" visibility="public" complexity="2" crap="2" count="2"/>
        <line num="88" type="stmt" count="2"/>
        <line num="89" type="stmt" count="2"/>
        <line num="90" type="stmt" count="2"/>
        <line num="91" type="stmt" count="2"/>
        <line num="92" type="stmt" count="2"/>
        <line num="95" type="method" name="describe" visibility="public" complexity="1" crap="1" count="1"/>
        <line num="97" type="stmt" count="1"/>
        <line num="98" type="stmt" count="1"/>
        <line num="99" type="stmt" count="1"/>
        <line num="102" type="method" name="limits" visibility="public" complexity="1" crap="1" count="1"/>
        <line num="104" type="stmt" count="1"/>
        <line num="105" type="stmt" count="1"/>
        <line num="108" type="method" name="create" visibility="public" complexity="1" crap="1" count="1"/>
        <line num="110" type="stmt" count="1"/>
        <line num="111" type="stmt" count="1"/>
        <line num="114" type="stmt" count="1"/>
        <line num="115" type="stmt" count="1"/>
        <line num="117" type="stmt" count="1"/>
        <line num="120" type="method" name="update" visibility="public" complexity="1" crap="1" count="1"/>
        <line num="122" type="stmt" count="1"/>
        <line num="123" type="stmt" count="1"/>
        <line num="126" type="stmt" count="1"/>
        <line num="127" type="stmt" count="1"/>
        <line num="129" type="stmt" count="1"/>
        <line num="130" type="stmt" count="1"/>
        <line num="133" type="method" name="destroy" visibility="public" complexity="1" crap="1" count="1"/>
        <line num="135" type="stmt" count="1"/>
        <line num="136" type="stmt" count="1"/>
        <line num="137" type="stmt" count="1"/>
        <line num="138" type="stmt" count="1"/>
        <line num="142" type="method" name="request" visibility="private" complexity="1" crap="1" count="11"/>
        <line num="144" type="stmt" count="11"/>
        <line num="145" type="stmt" count="11"/>
        <line num="146" type="stmt" count="11"/>
        <line num="147" type="stmt" count="11"/>
        <line num="150" type="method" name="cleanRequestUrl" visibility="private" complexity="2" crap="2" count="11"/>
        <line num="152" type="stmt" count="11"/>
        <line num="153" type="stmt" count="7"/>
        <line num="156" type="stmt" count="11"/>
        <line num="159" type="method" name="getBodyObjectFromResponse" visibility="private" complexity="1" crap="1" count="9"/>
        <line num="161" type="stmt" count="9"/>
        <metrics loc="163" ncloc="145" classes="1" methods="15" coveredmethods="14" conditionals="0" coveredconditionals="0" statements="54" coveredstatements="51" elements="69" coveredelements="65"/>
      </file>
    </package>
    <file name="/Users/jraimondi/Code/restforcephp/src/SalesforceOauth/AccessTokenInterface.php">
      <metrics loc="9" ncloc="9" classes="0" methods="0" coveredmethods="0" conditionals="0" coveredconditionals="0" statements="0" coveredstatements="0" elements="0" coveredelements="0"/>
    </file>
    <package name="Jmondi\Restforce\SalesforceOauth">
      <file name="/Users/jraimondi/Code/restforcephp/src/SalesforceOauth/RetryAuthorizationTokenFailedException.php">
        <class name="RetryAuthorizationTokenFailedException" namespace="Jmondi\Restforce\SalesforceOauth">
          <metrics complexity="0" methods="0" coveredmethods="0" conditionals="0" coveredconditionals="0" statements="0" coveredstatements="0" elements="0" coveredelements="0"/>
        </class>
        <metrics loc="12" ncloc="7" classes="1" methods="0" coveredmethods="0" conditionals="0" coveredconditionals="0" statements="0" coveredstatements="0" elements="0" coveredelements="0"/>
      </file>
      <file name="/Users/jraimondi/Code/restforcephp/src/SalesforceOauth/SalesforceProviderRestClient.php">
        <class name="SalesforceProviderRestClient" namespace="Jmondi\Restforce\SalesforceOauth">
          <metrics complexity="12" methods="7" coveredmethods="7" conditionals="0" coveredconditionals="0" statements="31" coveredstatements="31" elements="38" coveredelements="38"/>
        </class>
        <line num="35" type="method" name="__construct" visibility="public" complexity="1" crap="1" count="2"/>
        <line num="42" type="stmt" count="2"/>
        <line num="43" type="stmt" count="2"/>
        <line num="44" type="stmt" count="2"/>
        <line num="45" type="stmt" count="2"/>
        <line num="46" type="stmt" count="2"/>
        <line num="47" type="stmt" count="2"/>
        <line num="49" type="method" name="request" visibility="public" complexity="1" crap="1" count="2"/>
        <line num="51" type="stmt" count="2"/>
        <line num="54" type="stmt" count="2"/>
        <line num="58" type="method" name="getAccessToken" visibility="private" complexity="1" crap="1" count="2"/>
        <line num="60" type="stmt" count="2"/>
        <line num="63" type="method" name="isResponseAuthorized" visibility="private" complexity="1" crap="1" count="2"/>
        <line num="65" type="stmt" count="2"/>
        <line num="68" type="method" name="refreshAccessToken" visibility="private" complexity="2" crap="2" count="2"/>
        <line num="70" type="stmt" count="2"/>
        <line num="72" type="stmt" count="2"/>
        <line num="73" type="stmt" count="2"/>
        <line num="76" type="stmt" count="2"/>
        <line num="77" type="stmt" count="2"/>
        <line num="80" type="stmt" count="2"/>
        <line num="81" type="stmt" count="2"/>
        <line num="83" type="method" name="mergeOptions" visibility="private" complexity="1" crap="1" count="2"/>
        <line num="87" type="stmt" count="2"/>
        <line num="90" type="stmt" count="2"/>
        <line num="91" type="stmt" count="2"/>
        <line num="94" type="method" name="retryRequest" visibility="private" complexity="5" crap="5" count="2"/>
        <line num="96" type="stmt" count="2"/>
        <line num="98" type="stmt" count="2"/>
        <line num="99" type="stmt" count="2"/>
        <line num="101" type="stmt" count="2"/>
        <line num="102" type="stmt" count="2"/>
        <line num="105" type="stmt" count="2"/>
        <line num="106" type="stmt" count="2"/>
        <line num="108" type="stmt" count="2"/>
        <line num="109" type="stmt" count="1"/>
        <line num="110" type="stmt" count="1"/>
        <line num="114" type="stmt" count="1"/>
        <metrics loc="116" ncloc="101" classes="1" methods="7" coveredmethods="7" conditionals="0" coveredconditionals="0" statements="31" coveredstatements="31" elements="38" coveredelements="38"/>
      </file>
    </package>
    <file name="/Users/jraimondi/Code/restforcephp/src/SalesforceOauth/TokenRefreshCallbackInterface.php">
      <metrics loc="9" ncloc="9" classes="0" methods="0" coveredmethods="0" conditionals="0" coveredconditionals="0" statements="0" coveredstatements="0" elements="0" coveredelements="0"/>
    </file>
    <metrics files="7" loc="344" ncloc="303" classes="4" methods="24" coveredmethods="23" conditionals="0" coveredconditionals="0" statements="88" coveredstatements="85" elements="112" coveredelements="108"/>
  </project>
</coverage>
